<?xml version="1.0" encoding="UTF-8"?>
<!-- Generated by org.testng.reporters.JUnitReportReporter -->
<testsuite hostname="Risp" failures="0" tests="3" name="php.ecom.UserTest.ProductOrderTest" time="87.229" errors="0" timestamp="2024-11-25T23:34:39 IST" skipped="0">
  <testcase classname="php.ecom.UserTest.ProductOrderTest" name="addNewProductFromProductDetailsPageTest" time="26.785"/>
  <system-out/>
  <testcase classname="php.ecom.UserTest.ProductOrderTest" name="placeAnOrderForProductByCod" time="34.993"/>
  <system-out/>
  <testcase classname="php.ecom.UserTest.ProductOrderTest" name="placeAnOrderForProductByInternetBanking" time="25.451"/>
  <system-out/>
</testsuite> <!-- php.ecom.UserTest.ProductOrderTest -->
